[
  {
    "level": "INFO",
    "message": "android.ndkVersion from module build.gradle is 16.1.4479499"
  },
  {
    "level": "INFO",
    "message": "ndk.dir in local.properties is F:\\ndk1COPY"
  },
  {
    "level": "INFO",
    "message": "ANDROID_NDK_HOME environment variable is not set"
  },
  {
    "level": "INFO",
    "message": "sdkFolder is C:\\Users\\vladi\\AppData\\Local\\Android\\Sdk"
  },
  {
    "level": "INFO",
    "message": "Considering F:\\ndk1COPY by ndk.dir"
  },
  {
    "level": "INFO",
    "message": "Considering C:\\Users\\vladi\\AppData\\Local\\Android\\Sdk\\ndk-bundle in SDK ndk-bundle folder"
  },
  {
    "level": "INFO",
    "message": "Considering C:\\Users\\vladi\\AppData\\Local\\Android\\Sdk\\ndk\\16.1.4479499 in SDK ndk folder"
  },
  {
    "level": "INFO",
    "message": "Choosing F:\\ndk1COPY from ndk.dir which had the requested version 16.1.4479499"
  }
]