[
  {
    "level": "INFO",
    "message": "android.ndkVersion from module build.gradle is [16.1.4479499]"
  },
  {
    "level": "INFO",
    "message": "android.ndkPath from module build.gradle is not set"
  },
  {
    "level": "INFO",
    "message": "ndk.dir in local.properties is F:\\ndk1COPY"
  },
  {
    "level": "INFO",
    "message": "Not considering ANDROID_NDK_HOME because support was removed after deprecation period."
  },
  {
    "level": "INFO",
    "message": "sdkFolder is C:\\Users\\vikto\\AppData\\Local\\Android\\Sdk"
  },
  {
    "level": "INFO",
    "message": "Folder F:\\ndk1COPY does not exist. Ignoring."
  }
]