[
  {
    "level": "INFO",
    "message": "android.ndkVersion from module build.gradle is not set"
  },
  {
    "level": "INFO",
    "message": "ndk.dir in local.properties is E:\\SDK\\ndk\\21.3.6528147"
  },
  {
    "level": "INFO",
    "message": "ANDROID_NDK_HOME environment variable is not set"
  },
  {
    "level": "INFO",
    "message": "sdkFolder is C:\\Users\\vladi\\AppData\\Local\\Android\\Sdk"
  },
  {
    "level": "INFO",
    "message": "Considering E:\\SDK\\ndk\\21.3.6528147 by ndk.dir"
  },
  {
    "level": "INFO",
    "message": "Considering C:\\Users\\vladi\\AppData\\Local\\Android\\Sdk\\ndk-bundle in SDK ndk-bundle folder"
  },
  {
    "level": "INFO",
    "message": "Considering C:\\Users\\vladi\\AppData\\Local\\Android\\Sdk\\ndk\\16.1.4479499 in SDK ndk folder"
  },
  {
    "level": "INFO",
    "message": "Rejected E:\\SDK\\ndk\\21.3.6528147 by ndk.dir because that location has no source.properties"
  },
  {
    "level": "ERROR",
    "message": "Location specified by ndk.dir (E:\\SDK\\ndk\\21.3.6528147) did not contain a valid NDK and and couldn\u0027t be used"
  },
  {
    "level": "INFO",
    "message": "Using C:\\Users\\vladi\\AppData\\Local\\Android\\Sdk\\ndk\\16.1.4479499 which is version 16.1.4479499 as fallback but build will fail"
  }
]