[
  {
    "level": "INFO",
    "message": "android.ndkVersion from module build.gradle is 16.1.4479499"
  },
  {
    "level": "INFO",
    "message": "ndk.dir in local.properties is not set"
  },
  {
    "level": "INFO",
    "message": "ANDROID_NDK_HOME environment variable is not set"
  },
  {
    "level": "INFO",
    "message": "sdkFolder is E:\\SDK"
  },
  {
    "level": "INFO",
    "message": "Considering E:\\SDK\\ndk-bundle in SDK ndk-bundle folder"
  },
  {
    "level": "INFO",
    "message": "Considering E:\\SDK\\ndk\\16.1.4479499 in SDK ndk folder"
  },
  {
    "level": "INFO",
    "message": "Considering E:\\SDK\\ndk\\21.3.6528147 in SDK ndk folder"
  },
  {
    "level": "INFO",
    "message": "Found requested NDK version 16.1.4479499 at E:\\SDK\\ndk\\16.1.4479499"
  }
]